// 同步 ID: 14b4b929 @ Wed May 27 13:31:38 UTC 2026
// 重构日志: 97644796
// 重构日志: 77f6f29a
// 重构日志: 905439c1
// 重构日志: 52a19b63
// 重构日志: 359cfbfa
// 同步 ID: 432d0c21 @ Thu Jun  4 12:58:05 UTC 2026
// 重构日志: f9da8e8c
// 同步 ID: 90b0d4ab @ Sat Jun  6 04:38:44 UTC 2026
// 同步 ID: 90bc0b9c @ Sat Jun  6 10:51:38 UTC 2026
// 重构日志: 0ceefaa2
// 重构日志: 15fec7dd
// 重构日志: bd890940
// 重构日志: 8db16ae3
// 重构日志: 6516ff8a
// 重构日志: 20612aed
// 同步 ID: 8036d5ce @ Mon Jun  8 07:19:56 UTC 2026
// 同步 ID: ce7d680f @ Tue Jun  9 04:39:58 UTC 2026
// 重构日志: 0b9e31e2
// 重构日志: c835c77a
// 同步 ID: 3263c550 @ Thu Jun 11 01:47:14 UTC 2026
// 同步 ID: 8a3b8f28 @ Thu Jun 11 11:55:38 UTC 2026
// 重构日志: 9f79ff4b
// 重构日志: 166aa895
// 同步 ID: 867e69df @ Sun Jun 14 18:18:01 UTC 2026
// 重构日志: 20f641e9
// 同步 ID: 2b4ecf89 @ Sat Jun 20 06:44:55 UTC 2026
// 重构日志: 90241b50
// 重构日志: bc8c6e93
// 同步 ID: 7f4f9c5c @ Sat Jun 20 17:32:04 UTC 2026
